<?xml version="1.0" encoding="utf-8"?><testsuites name="pytest tests"><testsuite name="pytest" errors="0" failures="0" skipped="0" tests="24" time="2.330" timestamp="2026-05-15T16:32:15.072499+00:00" hostname="agent-env-27cc63e7-b17f-40f2-88b1-2970a502acc5"><testcase classname="backend.tests.test_new_features.TestReports" name="test_sales_summary" time="0.466" /><testcase classname="backend.tests.test_new_features.TestReports" name="test_sales_by_category" time="0.048" /><testcase classname="backend.tests.test_new_features.TestReports" name="test_sales_by_product" time="0.048" /><testcase classname="backend.tests.test_new_features.TestReports" name="test_sales_by_vendor" time="0.048" /><testcase classname="backend.tests.test_new_features.TestReports" name="test_inventory_valuation" time="0.048" /><testcase classname="backend.tests.test_new_features.TestReports" name="test_invoices_summary" time="0.046" /><testcase classname="backend.tests.test_new_features.TestReports" name="test_cash_register_history" time="0.050" /><testcase classname="backend.tests.test_new_features.TestReports" name="test_export_sales_excel" time="0.269" /><testcase classname="backend.tests.test_new_features.TestReports" name="test_export_inventory_excel" time="0.053" /><testcase classname="backend.tests.test_new_features.TestReports" name="test_export_sales_pdf" time="0.321" /><testcase classname="backend.tests.test_new_features.TestSuppliers" name="test_create_supplier" time="0.049" /><testcase classname="backend.tests.test_new_features.TestSuppliers" name="test_list_suppliers" time="0.048" /><testcase classname="backend.tests.test_new_features.TestSuppliers" name="test_search_suppliers" time="0.052" /><testcase classname="backend.tests.test_new_features.TestSuppliers" name="test_update_supplier" time="0.050" /><testcase classname="backend.tests.test_new_features.TestSuppliers" name="test_duplicate_ruc_rejected" time="0.051" /><testcase classname="backend.tests.test_new_features.TestPurchaseOrders" name="test_get_first_product" time="0.049" /><testcase classname="backend.tests.test_new_features.TestPurchaseOrders" name="test_create_purchase_order" time="0.049" /><testcase classname="backend.tests.test_new_features.TestPurchaseOrders" name="test_list_purchase_orders" time="0.046" /><testcase classname="backend.tests.test_new_features.TestPurchaseOrders" name="test_receive_merchandise_updates_stock" time="0.147" /><testcase classname="backend.tests.test_new_features.TestPurchaseOrders" name="test_purchase_history" time="0.050" /><testcase classname="backend.tests.test_new_features.TestInventoryImport" name="test_export_template" time="0.049" /><testcase classname="backend.tests.test_new_features.TestInventoryImport" name="test_import_csv" time="0.102" /><testcase classname="backend.tests.test_new_features.TestInventoryImport" name="test_import_csv_missing_nombre_rejected" time="0.047" /><testcase classname="backend.tests.test_new_features.TestZCleanup" name="test_delete_supplier" time="0.049" /></testsuite></testsuites>