<?xml version="1.0" encoding="utf-8"?><testsuites name="pytest tests"><testsuite name="pytest" errors="0" failures="2" skipped="0" tests="21" time="4.983" timestamp="2026-05-15T15:55:20.208171+00:00" hostname="agent-env-27cc63e7-b17f-40f2-88b1-2970a502acc5"><testcase classname="backend.tests.test_pos_ecuador.TestHealth" name="test_health" time="0.317" /><testcase classname="backend.tests.test_pos_ecuador.TestAuth" name="test_login_admin" time="0.290" /><testcase classname="backend.tests.test_pos_ecuador.TestAuth" name="test_login_bad" time="0.333" /><testcase classname="backend.tests.test_pos_ecuador.TestAuth" name="test_me" time="0.350" /><testcase classname="backend.tests.test_pos_ecuador.TestBusinessLookups" name="test_provinces" time="0.061" /><testcase classname="backend.tests.test_pos_ecuador.TestBusinessLookups" name="test_sectors" time="0.061" /><testcase classname="backend.tests.test_pos_ecuador.TestBusinessLookups" name="test_tax_regimes" time="0.063" /><testcase classname="backend.tests.test_pos_ecuador.TestBusinessLookups" name="test_validate_ruc_valid" time="0.061" /><testcase classname="backend.tests.test_pos_ecuador.TestBusinessLookups" name="test_validate_ruc_invalid" time="0.063" /><testcase classname="backend.tests.test_pos_ecuador.TestSetupAndTenant" name="test_setup_created" time="0.831" /><testcase classname="backend.tests.test_pos_ecuador.TestSetupAndTenant" name="test_my_business" time="0.069" /><testcase classname="backend.tests.test_pos_ecuador.TestSetupAndTenant" name="test_setup_duplicate_ruc" time="0.212" /><testcase classname="backend.tests.test_pos_ecuador.TestInventory" name="test_create_get_update_delete" time="0.574" /><testcase classname="backend.tests.test_pos_ecuador.TestPOS" name="test_open_register" time="0.089" /><testcase classname="backend.tests.test_pos_ecuador.TestPOS" name="test_dashboard_stats" time="0.069" /><testcase classname="backend.tests.test_pos_ecuador.TestPOS" name="test_full_sale" time="0.221" /><testcase classname="backend.tests.test_pos_ecuador.TestInvoices" name="test_generate_invoice" time="0.085" /><testcase classname="backend.tests.test_pos_ecuador.TestInvoices" name="test_list_invoices" time="0.073" /><testcase classname="backend.tests.test_pos_ecuador.TestInvoices" name="test_xml" time="0.115" /><testcase classname="backend.tests.test_pos_ecuador.TestInvoices" name="test_pdf" time="0.566"><failure message="assert 500 == 200&#10; +  where 500 = &lt;Response [500]&gt;.status_code">backend/tests/test_pos_ecuador.py:333: in test_pdf
    assert r.status_code == 200
E   assert 500 == 200
E    +  where 500 = &lt;Response [500]&gt;.status_code</failure></testcase><testcase classname="backend.tests.test_pos_ecuador.TestUsers" name="test_create_and_update_user" time="0.363"><failure message="AssertionError: assert 'TEST_user_d8e89a@x.com' in ['test_owner_7bd4f9@example.com', 'test_user_d8e89a@x.com']">backend/tests/test_pos_ecuador.py:353: in test_create_and_update_user
    assert email in emails
E   AssertionError: assert 'TEST_user_d8e89a@x.com' in ['test_owner_7bd4f9@example.com', 'test_user_d8e89a@x.com']</failure></testcase></testsuite></testsuites>